[I 13:14:35.049 LabApp] JupyterLab beta preview extension loaded from /home/jethro/anaconda3/envs/urop/lib/python3.6/site-packages/jupyterlab
[I 13:14:35.049 LabApp] JupyterLab application directory is /home/jethro/anaconda3/envs/urop/share/jupyter/lab
[W 13:14:35.052 LabApp] JupyterLab server extension not enabled, manually loading...
[I 13:14:35.052 LabApp] JupyterLab beta preview extension loaded from /home/jethro/anaconda3/envs/urop/lib/python3.6/site-packages/jupyterlab
[I 13:14:35.052 LabApp] JupyterLab application directory is /home/jethro/anaconda3/envs/urop/share/jupyter/lab
[I 13:14:35.057 LabApp] Serving notebooks from local directory: /home/jethro/data-science-playground
[I 13:14:35.057 LabApp] 0 active kernels
[I 13:14:35.057 LabApp] The Jupyter Notebook is running at:
[I 13:14:35.057 LabApp] http://localhost:8888/
[I 13:14:35.057 LabApp] Use Control-C to stop this server and shut down all kernels (twice to skip confirmation).
[I 13:14:41.411 LabApp] 302 GET / (::1) 1.43ms
[I 13:14:45.841 LabApp] Build is up to date
[I 13:14:48.124 LabApp] Kernel started: 30adac52-5c54-4786-8f6a-e77af697f4f6
[I 13:14:48.132 LabApp] Kernel started: 80aefe20-928b-4567-8953-75eead49bf8b
[I 13:14:48.299 LabApp] Kernel started: 158d1eb8-0eda-466a-829b-da2290549211
[I 13:14:48.580 LabApp] Adapting to protocol v5.1 for kernel 30adac52-5c54-4786-8f6a-e77af697f4f6
[I 13:14:50.300 LabApp] Adapting to protocol v5.1 for kernel 30adac52-5c54-4786-8f6a-e77af697f4f6
[I 13:14:50.727 LabApp] Adapting to protocol v5.1 for kernel 158d1eb8-0eda-466a-829b-da2290549211
[I 13:14:50.852 LabApp] Adapting to protocol v5.1 for kernel 158d1eb8-0eda-466a-829b-da2290549211
[I 13:14:51.099 LabApp] Adapting to protocol v5.1 for kernel 80aefe20-928b-4567-8953-75eead49bf8b
[I 13:14:51.195 LabApp] Adapting to protocol v5.1 for kernel 80aefe20-928b-4567-8953-75eead49bf8b
[I 13:15:14.225 LabApp] Saving file at /06 -CS3244 Project/Deep Reinforced Abstractive Summarisation/1 - DRAS (CNN).ipynb
[I 13:17:28.135 LabApp] Saving file at /06 -CS3244 Project/Deep Reinforced Abstractive Summarisation/1 - DRAS (CNN).ipynb
[I 13:17:53.700 LabApp] Saving file at /06 -CS3244 Project/Deep Reinforced Abstractive Summarisation/1 - DRAS (CNN).ipynb
[I 13:17:59.714 LabApp] Starting buffering for 30adac52-5c54-4786-8f6a-e77af697f4f6:da58242f9d1bba81c12a623766c97832
[I 13:17:59.716 LabApp] Starting buffering for 80aefe20-928b-4567-8953-75eead49bf8b:a43106831bab941a94528ffcb3b98129
[I 13:17:59.717 LabApp] Starting buffering for 158d1eb8-0eda-466a-829b-da2290549211:b6117229aa24aa2833bc5f110cdc679c
[I 09:21:25.357 LabApp] 302 GET / (::1) 0.30ms
[I 09:21:26.557 LabApp] Adapting to protocol v5.1 for kernel 158d1eb8-0eda-466a-829b-da2290549211
[I 09:21:26.839 LabApp] Starting buffering for 158d1eb8-0eda-466a-829b-da2290549211:1130bf2e0fe9ceb9c39afa1418a976e6
[I 09:21:27.198 LabApp] Build is up to date
[I 09:21:28.696 LabApp] Adapting to protocol v5.1 for kernel 30adac52-5c54-4786-8f6a-e77af697f4f6
[I 09:21:29.005 LabApp] Adapting to protocol v5.1 for kernel 158d1eb8-0eda-466a-829b-da2290549211
[I 09:21:49.592 LabApp] Adapting to protocol v5.1 for kernel 80aefe20-928b-4567-8953-75eead49bf8b
[I 09:22:09.628 LabApp] Saving file at /06 -CS3244 Project/pytorch-seq2seq/examples/cnn.ipynb
[I 09:22:25.144 LabApp] Saving file at /06 -CS3244 Project/pytorch-seq2seq/examples/cnn.ipynb
[I 09:27:49.129 LabApp] Saving file at /06 -CS3244 Project/pytorch-seq2seq/examples/cnn.ipynb
[I 09:41:13.248 LabApp] Saving file at /06 -CS3244 Project/pytorch-seq2seq/examples/cnn.ipynb
[I 09:42:28.858 LabApp] Saving file at /06 -CS3244 Project/pytorch-seq2seq/examples/cnn.ipynb
[I 09:42:29.226 LabApp] Starting buffering for 80aefe20-928b-4567-8953-75eead49bf8b:3939dcb533e0a1afeb6ba71f9905a2fa
[I 09:42:29.227 LabApp] Starting buffering for 158d1eb8-0eda-466a-829b-da2290549211:dab1fb3830b2a90934d7de5803096830
[I 09:42:29.227 LabApp] Starting buffering for 30adac52-5c54-4786-8f6a-e77af697f4f6:8f37b78952ee449acf67addf81b0e290
[I 11:40:27.322 LabApp] 302 GET / (::1) 1.05ms
[I 11:40:28.137 LabApp] Adapting to protocol v5.1 for kernel 158d1eb8-0eda-466a-829b-da2290549211
[I 11:40:28.528 LabApp] Starting buffering for 158d1eb8-0eda-466a-829b-da2290549211:3106198ef6e00a85d111b9071667f8c1
[I 11:40:28.957 LabApp] Build is up to date
[I 11:40:29.427 LabApp] Adapting to protocol v5.1 for kernel 80aefe20-928b-4567-8953-75eead49bf8b
[I 11:40:29.427 LabApp] Discarding 1644 buffered messages for 80aefe20-928b-4567-8953-75eead49bf8b:3939dcb533e0a1afeb6ba71f9905a2fa
[I 11:40:29.943 LabApp] Adapting to protocol v5.1 for kernel 30adac52-5c54-4786-8f6a-e77af697f4f6
[I 11:40:30.014 LabApp] Adapting to protocol v5.1 for kernel 158d1eb8-0eda-466a-829b-da2290549211
[I 11:41:53.919 LabApp] Saving file at /06 -CS3244 Project/pytorch-seq2seq/examples/cnn.ipynb
[I 11:42:02.942 LabApp] Creating new file in /urop
[I 11:42:15.105 LabApp] Saving file at /urop/untitled.txt
[I 11:42:27.825 LabApp] Saving file at /urop/utils.py
[I 11:42:30.541 LabApp] Saving file at /urop/utils.py
[I 11:42:33.488 LabApp] Saving file at /urop/utils.py
[I 11:42:50.843 LabApp] Creating new file in /urop
[I 11:42:54.073 LabApp] Saving file at /urop/untitled.txt
[I 11:43:15.785 LabApp] Saving file at /urop/nvlda.py
[I 11:43:26.464 LabApp] Saving file at /urop/nvlda.py
[I 11:44:57.655 LabApp] Saving file at /urop/nvlda.py
[I 11:45:06.404 LabApp] Saving file at /urop/nvlda.py
[I 11:45:09.710 LabApp] Saving file at /urop/nvlda.py
[I 11:45:14.729 LabApp] Saving file at /urop/nvlda.py
[I 11:45:46.335 LabApp] Creating new file in /urop
[I 11:46:34.096 LabApp] Saving file at /urop/prodlda.py
[I 11:46:41.110 LabApp] Saving file at /urop/prodlda.py
[I 11:46:42.447 LabApp] Saving file at /urop/prodlda.py
[I 11:49:26.214 LabApp] Creating new notebook in /04 - Topic Modeling (UROP)/nips-papers
[I 11:49:26.500 LabApp] Kernel started: 3bcfedb7-7667-462c-91d5-a4a338c20c56
[I 11:49:27.231 LabApp] Adapting to protocol v5.1 for kernel 3bcfedb7-7667-462c-91d5-a4a338c20c56
[I 11:49:41.815 LabApp] Kernel started: 0a57a353-09fd-4743-947f-56844c4bb2d6
[I 11:49:42.192 LabApp] Adapting to protocol v5.1 for kernel 0a57a353-09fd-4743-947f-56844c4bb2d6
[I 11:50:21.427 LabApp] Kernel started: 5297eac0-6e7f-449b-ba8b-e9669e377d97
[I 11:50:21.789 LabApp] Adapting to protocol v5.1 for kernel 5297eac0-6e7f-449b-ba8b-e9669e377d97
[I 11:50:52.923 LabApp] Saving file at /04 - Topic Modeling (UROP)/nips-papers/4 - ProdLDA.ipynb
[I 11:53:01.944 LabApp] Saving file at /urop/prodlda.py
[I 11:53:02.764 LabApp] Saving file at /urop/prodlda.py
[I 11:53:04.788 LabApp] Saving file at /urop/prodlda.py
[I 11:53:13.254 LabApp] Saving file at /urop/prodlda.py
[I 11:53:22.121 LabApp] Saving file at /urop/prodlda.py
[I 11:53:30.304 LabApp] Saving file at /04 - Topic Modeling (UROP)/nips-papers/4 - ProdLDA.ipynb
[I 11:53:57.687 LabApp] Saving file at /04 - Topic Modeling (UROP)/nips-papers/4 - ProdLDA.ipynb
[I 11:54:21.493 LabApp] Saving file at /04 - Topic Modeling (UROP)/nips-papers/4 - ProdLDA.ipynb
[I 11:54:26.149 LabApp] Saving file at /04 - Topic Modeling (UROP)/nips-papers/4 - ProdLDA.ipynb
[I 11:56:21.974 LabApp] Saving file at /04 - Topic Modeling (UROP)/nips-papers/4 - ProdLDA.ipynb
[I 12:00:21.156 LabApp] Saving file at /04 - Topic Modeling (UROP)/nips-papers/4 - ProdLDA.ipynb
[I 12:02:20.417 LabApp] Saving file at /04 - Topic Modeling (UROP)/nips-papers/4 - ProdLDA.ipynb
[W 12:09:55.917 LabApp] IOPub data rate exceeded.
    The notebook server will temporarily stop sending output
    to the client in order to avoid crashing it.
    To change this limit, set the config variable
    `--NotebookApp.iopub_data_rate_limit`.
    
    Current values:
    NotebookApp.iopub_data_rate_limit=1000000.0 (bytes/sec)
    NotebookApp.rate_limit_window=3.0 (secs)
    
[W 12:09:58.766 LabApp] iopub messages resumed
[W 12:09:59.010 LabApp] IOPub data rate exceeded.
    The notebook server will temporarily stop sending output
    to the client in order to avoid crashing it.
    To change this limit, set the config variable
    `--NotebookApp.iopub_data_rate_limit`.
    
    Current values:
    NotebookApp.iopub_data_rate_limit=1000000.0 (bytes/sec)
    NotebookApp.rate_limit_window=3.0 (secs)
    
[W 12:09:59.960 LabApp] iopub messages resumed
[I 12:11:42.912 LabApp] Kernel shutdown: 0a57a353-09fd-4743-947f-56844c4bb2d6
[I 12:11:43.488 LabApp] Kernel shutdown: 5297eac0-6e7f-449b-ba8b-e9669e377d97
[I 12:11:44.475 LabApp] Kernel shutdown: 158d1eb8-0eda-466a-829b-da2290549211
[I 12:11:50.603 LabApp] Kernel shutdown: 3bcfedb7-7667-462c-91d5-a4a338c20c56
[W 12:11:50.604 LabApp] 404 PATCH /api/sessions/5fe6a9be-e025-438c-ab12-1da750f29468?1522642045596 (::1): Session not found: session_id='5fe6a9be-e025-438c-ab12-1da750f29468'
[W 12:11:50.604 LabApp] Session not found: session_id='5fe6a9be-e025-438c-ab12-1da750f29468'
[W 12:11:50.604 LabApp] 404 PATCH /api/sessions/5fe6a9be-e025-438c-ab12-1da750f29468?1522642045596 (::1) 0.67ms referer=http://localhost:8888/lab?
[I 12:11:54.931 LabApp] Kernel started: 6a175233-702e-4c3b-8c43-7c493420e73a
[I 12:11:55.330 LabApp] Adapting to protocol v5.1 for kernel 6a175233-702e-4c3b-8c43-7c493420e73a
[I 12:16:33.150 LabApp] Kernel interrupted: 6a175233-702e-4c3b-8c43-7c493420e73a
[I 12:21:50.913 LabApp] Saving file at /04 - Topic Modeling (UROP)/nips-papers/4 - ProdLDA.ipynb
[I 12:24:54.261 LabApp] Saving file at /04 - Topic Modeling (UROP)/nips-papers/4 - ProdLDA.ipynb
[I 12:25:08.658 LabApp] Saving file at /04 - Topic Modeling (UROP)/nips-papers/4 - ProdLDA.ipynb
[I 12:26:57.408 LabApp] Saving file at /urop/prodlda.py
[I 12:28:22.833 LabApp] Saving file at /urop/prodlda.py
[I 12:30:54.886 LabApp] Saving file at /04 - Topic Modeling (UROP)/nips-papers/4 - ProdLDA.ipynb
[I 12:32:34.114 LabApp] Saving file at /04 - Topic Modeling (UROP)/nips-papers/4 - ProdLDA.ipynb
[I 12:34:17.945 LabApp] Saving file at /04 - Topic Modeling (UROP)/nips-papers/4 - ProdLDA.ipynb
[I 12:34:23.110 LabApp] Saving file at /04 - Topic Modeling (UROP)/nips-papers/4 - ProdLDA.ipynb
[I 12:34:28.059 LabApp] Saving file at /04 - Topic Modeling (UROP)/nips-papers/4 - ProdLDA.ipynb
[I 12:34:32.947 LabApp] Saving file at /04 - Topic Modeling (UROP)/nips-papers/4 - ProdLDA.ipynb
[I 12:34:55.278 LabApp] Saving file at /04 - Topic Modeling (UROP)/nips-papers/4 - ProdLDA.ipynb
[I 12:35:12.498 LabApp] Creating new notebook in /utils
[I 12:35:12.737 LabApp] Kernel started: 43143cdd-255e-424f-9b51-68c65ea6134f
[I 12:35:13.113 LabApp] Adapting to protocol v5.1 for kernel 43143cdd-255e-424f-9b51-68c65ea6134f
[I 12:36:23.651 LabApp] Saving file at /urop/prodlda.py
[I 12:36:29.263 LabApp] Saving file at /urop/prodlda.py
[I 12:36:48.140 LabApp] Saving file at /urop/prodlda.py
[I 12:37:22.299 LabApp] Saving file at /urop/utils.py
[I 12:37:37.556 LabApp] Saving file at /urop/utils.py
[I 12:38:15.830 LabApp] Saving file at /urop/prodlda.py
[I 12:38:36.121 LabApp] Saving file at /urop/prodlda.py
2018-04-02 12:38:40.756434: W tensorflow/core/platform/cpu_feature_guard.cc:45] The TensorFlow library wasn't compiled to use SSE4.1 instructions, but these are available on your machine and could speed up CPU computations.
2018-04-02 12:38:40.756462: W tensorflow/core/platform/cpu_feature_guard.cc:45] The TensorFlow library wasn't compiled to use SSE4.2 instructions, but these are available on your machine and could speed up CPU computations.
2018-04-02 12:38:40.756467: W tensorflow/core/platform/cpu_feature_guard.cc:45] The TensorFlow library wasn't compiled to use AVX instructions, but these are available on your machine and could speed up CPU computations.
2018-04-02 12:38:40.756470: W tensorflow/core/platform/cpu_feature_guard.cc:45] The TensorFlow library wasn't compiled to use AVX2 instructions, but these are available on your machine and could speed up CPU computations.
2018-04-02 12:38:40.756474: W tensorflow/core/platform/cpu_feature_guard.cc:45] The TensorFlow library wasn't compiled to use FMA instructions, but these are available on your machine and could speed up CPU computations.
[I 12:40:43.096 LabApp] Saving file at /urop/prodlda.py
[I 12:41:19.673 LabApp] Saving file at /04 - Topic Modeling (UROP)/nips-papers/4 - ProdLDA.ipynb
[I 12:41:27.655 LabApp] Saving file at /04 - Topic Modeling (UROP)/nips-papers/4 - ProdLDA.ipynb
[I 12:41:53.144 LabApp] Saving file at /urop/prodlda.py
2018-04-02 12:42:23.772536: W tensorflow/core/framework/op_kernel.cc:1152] Invalid argument: Incompatible shapes: [41,54254] vs. [200,54254]
	 [[Node: gradients/mul_grad/BroadcastGradientArgs = BroadcastGradientArgs[T=DT_INT32, _device="/job:localhost/replica:0/task:0/cpu:0"](gradients/mul_grad/Shape, gradients/mul_grad/Shape_1)]]
[I 12:43:47.110 LabApp] Kernel shutdown: 43143cdd-255e-424f-9b51-68c65ea6134f
[W 12:43:47.116 LabApp] delete /utils/Untitled.ipynb
[I 12:46:20.323 LabApp] Starting buffering for 6a175233-702e-4c3b-8c43-7c493420e73a:2bd770594dea6d95fa60cd44e8935fcf
[I 12:46:20.323 LabApp] Starting buffering for 30adac52-5c54-4786-8f6a-e77af697f4f6:3c94ac5458bf3ca8e2b4aeb045622f27
[I 12:46:20.324 LabApp] Starting buffering for 80aefe20-928b-4567-8953-75eead49bf8b:4d08c5e1ccf90f0b56156d4652dc1676
[I 13:01:21.701 LabApp] Adapting to protocol v5.1 for kernel 6a175233-702e-4c3b-8c43-7c493420e73a
[I 13:01:22.036 LabApp] Starting buffering for 6a175233-702e-4c3b-8c43-7c493420e73a:cca3a85eff992ddf7f72558d7252fcdd
[I 13:01:22.462 LabApp] Build is up to date
[I 13:01:23.304 LabApp] Adapting to protocol v5.1 for kernel 80aefe20-928b-4567-8953-75eead49bf8b
[I 13:01:23.317 LabApp] Kernel started: 4970a43e-dd18-4491-8efd-7d41c52244b3
[I 13:01:23.337 LabApp] Kernel started: 68526de1-8ee2-4fb2-a56d-0e1bd4f65669
[I 13:01:23.339 LabApp] Adapting to protocol v5.1 for kernel 30adac52-5c54-4786-8f6a-e77af697f4f6
[I 13:01:23.382 LabApp] Adapting to protocol v5.1 for kernel 6a175233-702e-4c3b-8c43-7c493420e73a
[I 13:01:23.730 LabApp] Adapting to protocol v5.1 for kernel 4970a43e-dd18-4491-8efd-7d41c52244b3
[I 13:01:23.793 LabApp] Adapting to protocol v5.1 for kernel 68526de1-8ee2-4fb2-a56d-0e1bd4f65669
[I 13:01:37.091 LabApp] Creating new directory in /04 - Topic Modeling (UROP)
[I 13:01:49.348 LabApp] New terminal with automatic name: 1
TermSocket.open: 1
TermSocket.open: Opened 1
[I 13:08:05.009 LabApp] Starting buffering for 6a175233-702e-4c3b-8c43-7c493420e73a:23c6b0d70fccc6acf59ba14ef3b58a28
[I 13:08:05.011 LabApp] Starting buffering for 30adac52-5c54-4786-8f6a-e77af697f4f6:fab19d8adcea43667bedcdd9586db95b
[I 13:08:05.012 LabApp] Starting buffering for 80aefe20-928b-4567-8953-75eead49bf8b:0e7b0f2d05bfcab81d22a7a98c5c4715
[I 13:08:05.012 LabApp] Starting buffering for 68526de1-8ee2-4fb2-a56d-0e1bd4f65669:905c657486d8ccd81bb52f261a48a55e
[I 13:08:05.012 LabApp] Starting buffering for 4970a43e-dd18-4491-8efd-7d41c52244b3:8af37438c904c2985d59245789960a7a
Websocket closed
